::1 - - [20/Nov/2020:20:27:15 -0500] "GET /phpmyadmin HTTP/1.1" 301 241
::1 - - [20/Nov/2020:20:27:15 -0500] "GET /phpmyadmin/ HTTP/1.1" 200 8091
::1 - - [20/Nov/2020:20:27:15 -0500] "GET /phpmyadmin/themes/pmahomme/jquery/jquery-ui-1.9.2.custom.css HTTP/1.1" 200 32278
::1 - - [20/Nov/2020:20:27:15 -0500] "GET /phpmyadmin/js/get_scripts.js.php?scripts[]=jquery/jquery-1.8.3.js&scripts[]=ajax.js&scripts[]=keyhandler.js&scripts[]=jquery/jquery-ui-1.9.2.custom.js&scripts[]=jquery/jquery.sprintf.js&scripts[]=jquery/jquery.cookie.js&scripts[]=jquery/jquery.mousewheel.js&scripts[]=jquery/jquery.event.drag-2.2.js&scripts[]=jquery/jquery-ui-timepicker-addon.js&scripts[]=jquery/jquery.ba-hashchange-1.3.js&scripts[]=jquery/jquery.debounce-1.0.5.js&scripts[]=jquery/jquery.menuResizer-1.0.js&scripts[]=rte.js&scripts[]=functions.js&scripts[]=navigation.js&scripts[]=indexes.js&scripts[]=common.js&scripts[]=codemirror/lib/codemirror.js&scripts[]=codemirror/mode/mysql/mysql.js HTTP/1.1" 200 578562
::1 - - [20/Nov/2020:20:27:15 -0500] "GET /phpmyadmin/js/messages.php?lang=en&db=&server=0&token=d3ef0667674506c35fc5218abfb7fd28 HTTP/1.1" 200 16674
::1 - - [20/Nov/2020:20:27:15 -0500] "GET /phpmyadmin/phpmyadmin.css.php?server=1&token=d3ef0667674506c35fc5218abfb7fd28&nocache=4355631423ltr HTTP/1.1" 200 88608
::1 - - [20/Nov/2020:20:27:15 -0500] "GET /phpmyadmin/js/get_image.js.php?theme=pmahomme HTTP/1.1" 200 6263
::1 - - [20/Nov/2020:20:27:16 -0500] "GET /phpmyadmin/themes/dot.gif HTTP/1.1" 200 43
::1 - - [20/Nov/2020:20:27:16 -0500] "GET /phpmyadmin/themes/pmahomme/img/logo_right.png HTTP/1.1" 200 4548
::1 - - [20/Nov/2020:20:27:16 -0500] "GET /phpmyadmin/themes/pmahomme/img/sprites.png HTTP/1.1" 200 61899
::1 - - [20/Nov/2020:20:27:16 -0500] "GET /phpmyadmin/favicon.ico HTTP/1.1" 200 18902
::1 - - [20/Nov/2020:20:27:25 -0500] "POST /phpmyadmin/index.php HTTP/1.1" 302 -
::1 - - [20/Nov/2020:20:27:25 -0500] "GET /phpmyadmin/index.php?token=d3ef0667674506c35fc5218abfb7fd28 HTTP/1.1" 200 42701
::1 - - [20/Nov/2020:20:27:25 -0500] "GET /phpmyadmin/themes/pmahomme/img/logo_left.png HTTP/1.1" 200 2327
::1 - - [20/Nov/2020:20:27:25 -0500] "GET /phpmyadmin/themes/pmahomme/img/ajax_clock_small.gif HTTP/1.1" 200 1810
::1 - - [20/Nov/2020:20:27:25 -0500] "GET /phpmyadmin/phpmyadmin.css.php?server=1&token=d3ef0667674506c35fc5218abfb7fd28&nocache=5961287006ltr HTTP/1.1" 200 88608
::1 - - [20/Nov/2020:20:27:25 -0500] "GET /phpmyadmin/themes/pmahomme/img/left_nav_bg.png HTTP/1.1" 200 297
::1 - - [20/Nov/2020:20:27:25 -0500] "GET /phpmyadmin/version_check.php?&_nocache=1605922045814311543 HTTP/1.1" 200 39
::1 - - [20/Nov/2020:20:27:31 -0500] "GET /phpmyadmin/navigation.php?ajax_request=1&token=d3ef0667674506c35fc5218abfb7fd28&aPath=cm9vdA%3D%3D.dGVzdA%3D%3D&vPath=cm9vdA%3D%3D.dGVzdA%3D%3D&pos=0&pos2_name=&pos2_value=&searchClause=&searchClause2=&_nocache=1605922051903122218 HTTP/1.1" 200 2051
::1 - - [20/Nov/2020:20:28:01 -0500] "GET /phpmyadmin/navigation.php?ajax_request=1&token=d3ef0667674506c35fc5218abfb7fd28&aPath=cm9vdA%3D%3D.dGVzdA%3D%3D.dGFibGVz.bWVudQ%3D%3D&vPath=cm9vdA%3D%3D.dGVzdA%3D%3D.VGFibGVz.bWVudQ%3D%3D&pos=0&pos2_name=tables&pos2_value=0&searchClause=&searchClause2=&_nocache=1605922081709651306 HTTP/1.1" 200 3343
::1 - - [20/Nov/2020:20:56:28 -0500] "GET / HTTP/1.1" 200 10284
::1 - - [20/Nov/2020:20:56:28 -0500] "GET /favicon.ico HTTP/1.1" 404 209
::1 - - [20/Nov/2020:20:56:34 -0500] "GET /signup.html?username=sfdsdf&email=sdfsdf&password=sdfsdf&passwordRepeat=sdfsdf HTTP/1.1" 200 12466
::1 - - [21/Nov/2020:22:20:49 -0500] "GET /orders.html HTTP/1.1" 304 -
::1 - - [21/Nov/2020:22:20:49 -0500] "GET /orders/java.js HTTP/1.1" 200 9855
::1 - - [21/Nov/2020:22:20:49 -0500] "GET /misc/universal.css HTTP/1.1" 304 -
::1 - - [21/Nov/2020:22:20:49 -0500] "GET /orders/style.css HTTP/1.1" 304 -
::1 - - [21/Nov/2020:22:20:50 -0500] "GET /misc/drone.svg HTTP/1.1" 200 6649
::1 - - [21/Nov/2020:22:20:50 -0500] "GET /misc/orders.svg HTTP/1.1" 200 3163
::1 - - [21/Nov/2020:22:20:50 -0500] "GET /misc/menu.svg HTTP/1.1" 200 3489
::1 - - [21/Nov/2020:22:20:50 -0500] "GET /misc/settings.svg HTTP/1.1" 200 9303
::1 - - [21/Nov/2020:22:20:50 -0500] "GET /misc/profile.svg HTTP/1.1" 200 3861
::1 - - [21/Nov/2020:22:20:50 -0500] "GET /misc/up.svg HTTP/1.1" 304 -
::1 - - [21/Nov/2020:22:20:50 -0500] "GET /misc/switch.svg HTTP/1.1" 304 -
::1 - - [21/Nov/2020:22:20:50 -0500] "GET /favicon.ico HTTP/1.1" 404 209
::1 - - [21/Nov/2020:22:20:51 -0500] "GET /orders/getorder.php?orderID=1 HTTP/1.1" 200 69
::1 - - [21/Nov/2020:22:20:52 -0500] "GET /orders/getorder.php?orderID=2 HTTP/1.1" 200 53
::1 - - [21/Nov/2020:22:20:53 -0500] "GET /orders/getorder.php?orderID=3 HTTP/1.1" 200 5
::1 - - [21/Nov/2020:22:20:57 -0500] "GET /orders/getorder.php?orderID=1 HTTP/1.1" 200 69
::1 - - [21/Nov/2020:22:20:59 -0500] "GET /orders/getorder.php?orderID=2 HTTP/1.1" 200 53
::1 - - [21/Nov/2020:22:21:02 -0500] "GET /orders/getorder.php?orderID=3 HTTP/1.1" 200 5
::1 - - [21/Nov/2020:22:21:06 -0500] "GET /orders/getorder.php?orderID=1 HTTP/1.1" 200 69
::1 - - [21/Nov/2020:22:21:06 -0500] "GET /misc/getitem.php?itemID=1 HTTP/1.1" 200 64
::1 - - [21/Nov/2020:22:21:08 -0500] "GET /misc/getitem.php?itemID=3 HTTP/1.1" 200 129
::1 - - [21/Nov/2020:22:21:09 -0500] "GET /misc/getitem.php?itemID=4 HTTP/1.1" 200 100
::1 - - [21/Nov/2020:22:21:09 -0500] "GET /misc/getitem.php?itemID=5 HTTP/1.1" 200 101
::1 - - [21/Nov/2020:22:21:10 -0500] "GET /misc/getitem.php?itemID=9 HTTP/1.1" 200 93
::1 - - [21/Nov/2020:22:21:12 -0500] "GET /orders/getorder.php?orderID=2 HTTP/1.1" 200 53
::1 - - [21/Nov/2020:22:21:12 -0500] "GET /misc/getitem.php?itemID=1 HTTP/1.1" 200 64
::1 - - [21/Nov/2020:22:21:14 -0500] "GET /orders.html HTTP/1.1" 200 3304
::1 - - [21/Nov/2020:22:21:14 -0500] "GET /orders/java.js HTTP/1.1" 304 -
::1 - - [21/Nov/2020:22:21:14 -0500] "GET /misc/menu.svg HTTP/1.1" 200 3489
::1 - - [21/Nov/2020:22:21:14 -0500] "GET /misc/orders.svg HTTP/1.1" 200 3163
::1 - - [21/Nov/2020:22:21:14 -0500] "GET /misc/profile.svg HTTP/1.1" 200 3861
::1 - - [21/Nov/2020:22:21:14 -0500] "GET /misc/drone.svg HTTP/1.1" 200 6649
::1 - - [21/Nov/2020:22:21:14 -0500] "GET /misc/settings.svg HTTP/1.1" 304 -
::1 - - [21/Nov/2020:22:21:14 -0500] "GET /misc/switch.svg HTTP/1.1" 304 -
::1 - - [21/Nov/2020:22:21:14 -0500] "GET /misc/up.svg HTTP/1.1" 304 -
::1 - - [21/Nov/2020:22:21:14 -0500] "GET /favicon.ico HTTP/1.1" 404 209
::1 - - [21/Nov/2020:22:21:14 -0500] "GET /orders/getorder.php?orderID=1 HTTP/1.1" 200 69
::1 - - [21/Nov/2020:22:21:15 -0500] "GET /orders/getorder.php?orderID=2 HTTP/1.1" 200 53
::1 - - [21/Nov/2020:22:21:58 -0500] "GET /orders/java.js HTTP/1.1" 200 9858
::1 - - [21/Nov/2020:22:21:58 -0500] "GET /misc/up.svg HTTP/1.1" 200 880
::1 - - [21/Nov/2020:22:22:00 -0500] "GET /orders.html HTTP/1.1" 200 3304
::1 - - [21/Nov/2020:22:22:00 -0500] "GET /orders/java.js HTTP/1.1" 304 -
::1 - - [21/Nov/2020:22:22:00 -0500] "GET /misc/up.svg HTTP/1.1" 304 -
::1 - - [21/Nov/2020:22:22:00 -0500] "GET /misc/menu.svg HTTP/1.1" 200 3489
::1 - - [21/Nov/2020:22:22:00 -0500] "GET /misc/orders.svg HTTP/1.1" 200 3163
::1 - - [21/Nov/2020:22:22:00 -0500] "GET /misc/switch.svg HTTP/1.1" 304 -
::1 - - [21/Nov/2020:22:22:01 -0500] "GET /favicon.ico HTTP/1.1" 404 209
::1 - - [21/Nov/2020:22:22:05 -0500] "GET /misc/profile.svg HTTP/1.1" 200 3861
::1 - - [21/Nov/2020:22:22:05 -0500] "GET /misc/drone.svg HTTP/1.1" 200 6649
::1 - - [21/Nov/2020:22:22:05 -0500] "GET /misc/settings.svg HTTP/1.1" 304 -
::1 - - [21/Nov/2020:22:22:05 -0500] "GET /orders/getorder.php?orderID=1 HTTP/1.1" 200 69
::1 - - [21/Nov/2020:22:22:07 -0500] "GET /orders.html HTTP/1.1" 200 3304
::1 - - [21/Nov/2020:22:22:07 -0500] "GET /orders/java.js HTTP/1.1" 304 -
::1 - - [21/Nov/2020:22:22:07 -0500] "GET /misc/drone.svg HTTP/1.1" 200 6649
::1 - - [21/Nov/2020:22:22:07 -0500] "GET /misc/menu.svg HTTP/1.1" 200 3489
::1 - - [21/Nov/2020:22:22:07 -0500] "GET /misc/orders.svg HTTP/1.1" 200 3163
::1 - - [21/Nov/2020:22:22:07 -0500] "GET /misc/settings.svg HTTP/1.1" 304 -
::1 - - [21/Nov/2020:22:22:07 -0500] "GET /misc/profile.svg HTTP/1.1" 200 3861
::1 - - [21/Nov/2020:22:22:07 -0500] "GET /misc/up.svg HTTP/1.1" 304 -
::1 - - [21/Nov/2020:22:22:07 -0500] "GET /misc/switch.svg HTTP/1.1" 304 -
::1 - - [21/Nov/2020:22:22:07 -0500] "GET /favicon.ico HTTP/1.1" 404 209
::1 - - [21/Nov/2020:22:22:07 -0500] "GET /orders/getorder.php?orderID=1 HTTP/1.1" 200 69
::1 - - [21/Nov/2020:22:22:15 -0500] "GET /orders.html HTTP/1.1" 304 -
::1 - - [21/Nov/2020:22:22:15 -0500] "GET /orders/java.js HTTP/1.1" 200 9855
::1 - - [21/Nov/2020:22:22:15 -0500] "GET /misc/menu.svg HTTP/1.1" 304 -
::1 - - [21/Nov/2020:22:22:15 -0500] "GET /misc/orders.svg HTTP/1.1" 304 -
::1 - - [21/Nov/2020:22:22:15 -0500] "GET /misc/drone.svg HTTP/1.1" 304 -
::1 - - [21/Nov/2020:22:22:15 -0500] "GET /misc/up.svg HTTP/1.1" 304 -
::1 - - [21/Nov/2020:22:22:15 -0500] "GET /misc/profile.svg HTTP/1.1" 304 -
::1 - - [21/Nov/2020:22:22:15 -0500] "GET /misc/settings.svg HTTP/1.1" 304 -
::1 - - [21/Nov/2020:22:22:15 -0500] "GET /misc/switch.svg HTTP/1.1" 304 -
::1 - - [21/Nov/2020:22:22:15 -0500] "GET /orders/getorder.php?orderID=1 HTTP/1.1" 200 69
::1 - - [21/Nov/2020:22:22:17 -0500] "GET /orders/getorder.php?orderID=2 HTTP/1.1" 200 53
::1 - - [21/Nov/2020:22:22:18 -0500] "GET /orders/getorder.php?orderID=3 HTTP/1.1" 200 5
::1 - - [21/Nov/2020:22:22:20 -0500] "GET /orders/getorder.php?orderID=1 HTTP/1.1" 200 69
::1 - - [21/Nov/2020:22:22:23 -0500] "GET /orders/getorder.php?orderID=2 HTTP/1.1" 200 53
::1 - - [21/Nov/2020:22:22:24 -0500] "GET /orders/getorder.php?orderID=3 HTTP/1.1" 200 5
::1 - - [21/Nov/2020:22:22:30 -0500] "GET /orders.html HTTP/1.1" 200 3304
::1 - - [21/Nov/2020:22:22:30 -0500] "GET /orders/java.js HTTP/1.1" 200 9855
::1 - - [21/Nov/2020:22:22:30 -0500] "GET /misc/menu.svg HTTP/1.1" 200 3489
::1 - - [21/Nov/2020:22:22:30 -0500] "GET /misc/orders.svg HTTP/1.1" 200 3163
::1 - - [21/Nov/2020:22:22:30 -0500] "GET /misc/drone.svg HTTP/1.1" 200 6649
::1 - - [21/Nov/2020:22:22:30 -0500] "GET /misc/profile.svg HTTP/1.1" 200 3861
::1 - - [21/Nov/2020:22:22:30 -0500] "GET /misc/settings.svg HTTP/1.1" 200 9303
::1 - - [21/Nov/2020:22:22:30 -0500] "GET /misc/switch.svg HTTP/1.1" 304 -
::1 - - [21/Nov/2020:22:22:30 -0500] "GET /misc/up.svg HTTP/1.1" 304 -
::1 - - [21/Nov/2020:22:22:30 -0500] "GET /favicon.ico HTTP/1.1" 404 209
::1 - - [21/Nov/2020:22:22:30 -0500] "GET /orders/getorder.php?orderID=1 HTTP/1.1" 200 69
::1 - - [21/Nov/2020:22:22:50 -0500] "GET /orders/getorder.php?orderID=2 HTTP/1.1" 200 53
::1 - - [21/Nov/2020:22:23:06 -0500] "GET /orders/getorder.php?orderID=3 HTTP/1.1" 200 5
::1 - - [21/Nov/2020:22:23:08 -0500] "GET /orders/getorder.php?orderID=1 HTTP/1.1" 200 69
::1 - - [21/Nov/2020:22:23:09 -0500] "GET /orders/getorder.php?orderID=2 HTTP/1.1" 200 53
::1 - - [21/Nov/2020:22:23:10 -0500] "GET /orders/getorder.php?orderID=3 HTTP/1.1" 200 5
::1 - - [21/Nov/2020:22:23:24 -0500] "GET /orders.html HTTP/1.1" 200 3304
::1 - - [21/Nov/2020:22:23:24 -0500] "GET /orders/java.js HTTP/1.1" 200 9857
::1 - - [21/Nov/2020:22:23:25 -0500] "GET /misc/menu.svg HTTP/1.1" 200 3489
::1 - - [21/Nov/2020:22:23:25 -0500] "GET /misc/orders.svg HTTP/1.1" 200 3163
::1 - - [21/Nov/2020:22:23:25 -0500] "GET /misc/drone.svg HTTP/1.1" 200 6649
::1 - - [21/Nov/2020:22:23:25 -0500] "GET /misc/profile.svg HTTP/1.1" 200 3861
::1 - - [21/Nov/2020:22:23:25 -0500] "GET /misc/settings.svg HTTP/1.1" 200 9303
::1 - - [21/Nov/2020:22:23:25 -0500] "GET /misc/up.svg HTTP/1.1" 304 -
::1 - - [21/Nov/2020:22:23:25 -0500] "GET /misc/switch.svg HTTP/1.1" 304 -
::1 - - [21/Nov/2020:22:23:25 -0500] "GET /favicon.ico HTTP/1.1" 404 209
::1 - - [21/Nov/2020:22:23:25 -0500] "GET /orders/getorder.php?orderID=1 HTTP/1.1" 200 69
::1 - - [21/Nov/2020:22:23:28 -0500] "GET /orders.html HTTP/1.1" 200 3304
::1 - - [21/Nov/2020:22:23:28 -0500] "GET /orders/java.js HTTP/1.1" 200 9857
::1 - - [21/Nov/2020:22:23:28 -0500] "GET /misc/orders.svg HTTP/1.1" 200 3163
::1 - - [21/Nov/2020:22:23:28 -0500] "GET /misc/menu.svg HTTP/1.1" 200 3489
::1 - - [21/Nov/2020:22:23:28 -0500] "GET /misc/drone.svg HTTP/1.1" 200 6649
::1 - - [21/Nov/2020:22:23:28 -0500] "GET /misc/profile.svg HTTP/1.1" 200 3861
::1 - - [21/Nov/2020:22:23:28 -0500] "GET /misc/settings.svg HTTP/1.1" 200 9303
::1 - - [21/Nov/2020:22:23:28 -0500] "GET /misc/switch.svg HTTP/1.1" 304 -
::1 - - [21/Nov/2020:22:23:28 -0500] "GET /misc/up.svg HTTP/1.1" 304 -
::1 - - [21/Nov/2020:22:23:28 -0500] "GET /favicon.ico HTTP/1.1" 404 209
::1 - - [21/Nov/2020:22:23:28 -0500] "GET /orders/getorder.php?orderID=1 HTTP/1.1" 200 69
::1 - - [21/Nov/2020:22:24:22 -0500] "GET /orders.html HTTP/1.1" 304 -
::1 - - [21/Nov/2020:22:24:23 -0500] "GET /orders/java.js HTTP/1.1" 200 9935
::1 - - [21/Nov/2020:22:24:23 -0500] "GET /misc/menu.svg HTTP/1.1" 304 -
::1 - - [21/Nov/2020:22:24:23 -0500] "GET /misc/orders.svg HTTP/1.1" 304 -
::1 - - [21/Nov/2020:22:24:23 -0500] "GET /misc/profile.svg HTTP/1.1" 304 -
::1 - - [21/Nov/2020:22:24:23 -0500] "GET /misc/drone.svg HTTP/1.1" 304 -
::1 - - [21/Nov/2020:22:24:23 -0500] "GET /misc/settings.svg HTTP/1.1" 304 -
::1 - - [21/Nov/2020:22:24:23 -0500] "GET /misc/switch.svg HTTP/1.1" 304 -
::1 - - [21/Nov/2020:22:24:23 -0500] "GET /misc/up.svg HTTP/1.1" 304 -
::1 - - [21/Nov/2020:22:24:23 -0500] "GET /orders/getorder.php?orderID=1 HTTP/1.1" 200 69
::1 - - [21/Nov/2020:22:24:26 -0500] "GET /orders.html HTTP/1.1" 200 3304
::1 - - [21/Nov/2020:22:24:26 -0500] "GET /orders/java.js HTTP/1.1" 304 -
::1 - - [21/Nov/2020:22:24:26 -0500] "GET /misc/menu.svg HTTP/1.1" 200 3489
::1 - - [21/Nov/2020:22:24:26 -0500] "GET /misc/drone.svg HTTP/1.1" 200 6649
::1 - - [21/Nov/2020:22:24:26 -0500] "GET /misc/orders.svg HTTP/1.1" 200 3163
::1 - - [21/Nov/2020:22:24:26 -0500] "GET /misc/profile.svg HTTP/1.1" 200 3861
::1 - - [21/Nov/2020:22:24:26 -0500] "GET /misc/settings.svg HTTP/1.1" 200 9303
::1 - - [21/Nov/2020:22:24:26 -0500] "GET /misc/switch.svg HTTP/1.1" 304 -
::1 - - [21/Nov/2020:22:24:26 -0500] "GET /misc/up.svg HTTP/1.1" 304 -
::1 - - [21/Nov/2020:22:24:26 -0500] "GET /favicon.ico HTTP/1.1" 404 209
::1 - - [21/Nov/2020:22:24:26 -0500] "GET /orders/getorder.php?orderID=1 HTTP/1.1" 200 69
::1 - - [21/Nov/2020:22:24:31 -0500] "GET /orders.html HTTP/1.1" 304 -
::1 - - [21/Nov/2020:22:24:31 -0500] "GET /orders/java.js HTTP/1.1" 200 9937
::1 - - [21/Nov/2020:22:24:31 -0500] "GET /misc/menu.svg HTTP/1.1" 304 -
::1 - - [21/Nov/2020:22:24:31 -0500] "GET /misc/orders.svg HTTP/1.1" 304 -
::1 - - [21/Nov/2020:22:24:31 -0500] "GET /misc/drone.svg HTTP/1.1" 304 -
::1 - - [21/Nov/2020:22:24:31 -0500] "GET /misc/profile.svg HTTP/1.1" 304 -
::1 - - [21/Nov/2020:22:24:31 -0500] "GET /misc/switch.svg HTTP/1.1" 304 -
::1 - - [21/Nov/2020:22:24:31 -0500] "GET /misc/settings.svg HTTP/1.1" 304 -
::1 - - [21/Nov/2020:22:24:37 -0500] "GET /misc/up.svg HTTP/1.1" 304 -
::1 - - [21/Nov/2020:22:24:37 -0500] "GET /orders/getorder.php?orderID=1 HTTP/1.1" 200 69
::1 - - [21/Nov/2020:22:25:03 -0500] "GET /misc/down.svg HTTP/1.1" 200 887
::1 - - [21/Nov/2020:22:25:26 -0500] "GET /orders.html HTTP/1.1" 200 3304
::1 - - [21/Nov/2020:22:25:26 -0500] "GET /orders/java.js HTTP/1.1" 200 9855
::1 - - [21/Nov/2020:22:25:26 -0500] "GET /misc/up.svg HTTP/1.1" 304 -
::1 - - [21/Nov/2020:22:25:26 -0500] "GET /misc/menu.svg HTTP/1.1" 200 3489
::1 - - [21/Nov/2020:22:25:26 -0500] "GET /misc/switch.svg HTTP/1.1" 200 650
::1 - - [21/Nov/2020:22:25:26 -0500] "GET /misc/profile.svg HTTP/1.1" 200 3861
::1 - - [21/Nov/2020:22:25:26 -0500] "GET /misc/settings.svg HTTP/1.1" 200 9303
::1 - - [21/Nov/2020:22:25:26 -0500] "GET /misc/drone.svg HTTP/1.1" 200 6649
::1 - - [21/Nov/2020:22:25:26 -0500] "GET /misc/orders.svg HTTP/1.1" 200 3163
::1 - - [21/Nov/2020:22:25:26 -0500] "GET /favicon.ico HTTP/1.1" 404 209
::1 - - [21/Nov/2020:22:25:26 -0500] "GET /orders/getorder.php?orderID=1 HTTP/1.1" 200 69
::1 - - [21/Nov/2020:22:25:28 -0500] "GET /orders/getorder.php?orderID=2 HTTP/1.1" 200 53
::1 - - [21/Nov/2020:22:25:29 -0500] "GET /orders/getorder.php?orderID=3 HTTP/1.1" 200 5
::1 - - [21/Nov/2020:22:25:29 -0500] "GET /orders/getorder.php?orderID=1 HTTP/1.1" 200 69
::1 - - [21/Nov/2020:22:25:30 -0500] "GET /orders/getorder.php?orderID=2 HTTP/1.1" 200 53
::1 - - [21/Nov/2020:22:25:30 -0500] "GET /orders/getorder.php?orderID=3 HTTP/1.1" 200 5
::1 - - [21/Nov/2020:22:25:33 -0500] "GET /orders/getorder.php?orderID=2 HTTP/1.1" 200 53
::1 - - [21/Nov/2020:22:25:33 -0500] "GET /misc/getitem.php?itemID=1 HTTP/1.1" 200 64
::1 - - [21/Nov/2020:22:25:33 -0500] "GET /misc/getitem.php?itemID=4 HTTP/1.1" 200 100
::1 - - [21/Nov/2020:22:25:35 -0500] "GET /orders/getorder.php?orderID=1 HTTP/1.1" 200 69
::1 - - [21/Nov/2020:22:25:35 -0500] "GET /misc/getitem.php?itemID=1 HTTP/1.1" 200 64
::1 - - [21/Nov/2020:22:25:36 -0500] "GET /misc/getitem.php?itemID=3 HTTP/1.1" 200 129
::1 - - [21/Nov/2020:22:25:37 -0500] "GET /misc/getitem.php?itemID=4 HTTP/1.1" 200 100
::1 - - [21/Nov/2020:22:25:37 -0500] "GET /misc/getitem.php?itemID=5 HTTP/1.1" 200 101
::1 - - [21/Nov/2020:22:25:38 -0500] "GET /misc/getitem.php?itemID=9 HTTP/1.1" 200 93
